<?xml version="1.0" encoding="UTF-8"?>
<!-- Generated by org.testng.reporters.JUnitReportReporter -->
<testsuite hostname="Idasundari" failures="0" tests="3" name="qatesting.october.SwagLabsTest3" time="7.193" errors="0" timestamp="16 Nov 2022 14:50:55 GMT" skipped="0">
  <testcase classname="qatesting.october.SwagLabsTest3" name="testlogin" time="2.011"/>
  <testcase classname="qatesting.october.SwagLabsTest3" name="testwrongpassword" time="1.805"/>
  <testcase classname="qatesting.october.SwagLabsTest3" name="testwrongusername" time="3.377"/>
</testsuite> <!-- qatesting.october.SwagLabsTest3 -->
