<?xml version="1.0" encoding="UTF-8"?>
<!-- Generated by org.testng.reporters.JUnitReportReporter -->
<testsuite hostname="Idasundari" failures="0" tests="1" name="qatesting.october.yopmailtest" time="13.811" errors="0" timestamp="15 Nov 2022 06:43:13 GMT" skipped="0">
  <testcase classname="qatesting.october.yopmailtest" name="inputemail" time="13.811"/>
</testsuite> <!-- qatesting.october.yopmailtest -->
