<?xml version="1.0" encoding="UTF-8"?>
<!-- Generated by org.testng.reporters.JUnitReportReporter -->
<testsuite hostname="Idasundari" failures="0" tests="4" name="qatesting.october.SwagLabsTest4" time="9.937" errors="0" timestamp="16 Nov 2022 14:53:46 GMT" skipped="0">
  <testcase classname="qatesting.october.SwagLabsTest4" name="selectproduct" time="2.937"/>
  <testcase classname="qatesting.october.SwagLabsTest4" name="testwrongusername" time="1.948"/>
  <testcase classname="qatesting.october.SwagLabsTest4" name="testwrongpassword" time="1.991"/>
  <testcase classname="qatesting.october.SwagLabsTest4" name="testlogin" time="3.061"/>
</testsuite> <!-- qatesting.october.SwagLabsTest4 -->
