<?xml version="1.0" encoding="UTF-8"?>
<!-- Generated by org.testng.reporters.JUnitReportReporter -->
<testsuite hostname="Idasundari" failures="0" tests="3" name="qatesting.october.SwagLabsTest2" time="7.246" errors="0" timestamp="16 Nov 2022 14:48:24 GMT" skipped="0">
  <testcase classname="qatesting.october.SwagLabsTest2" name="testwrongusername" time="2.028"/>
  <testcase classname="qatesting.october.SwagLabsTest2" name="testlogin" time="3.294"/>
  <testcase classname="qatesting.october.SwagLabsTest2" name="testwrongpassword" time="1.924"/>
</testsuite> <!-- qatesting.october.SwagLabsTest2 -->
