<?xml version="1.0" encoding="UTF-8"?>
<!-- Generated by org.testng.reporters.JUnitReportReporter -->
<testsuite hostname="Idasundari" failures="0" tests="3" name="qatesting.october.SwagLabsTest" time="6.892" errors="0" timestamp="20 Oct 2022 14:07:30 GMT" skipped="0">
  <testcase classname="qatesting.october.SwagLabsTest" name="testwrongpassword" time="1.866"/>
  <testcase classname="qatesting.october.SwagLabsTest" name="testlogin" time="3.163"/>
  <testcase classname="qatesting.october.SwagLabsTest" name="testwrongusername" time="1.863"/>
</testsuite> <!-- qatesting.october.SwagLabsTest -->
