<?xml version="1.0" encoding="UTF-8"?>
<!-- Generated by org.testng.reporters.JUnitReportReporter -->
<testsuite hostname="Idasundari" failures="0" tests="1" name="qatesting.october.test" time="11.937" errors="0" timestamp="15 Nov 2022 06:42:03 GMT" skipped="0">
  <testcase classname="qatesting.october.test" name="inputemail" time="11.937"/>
</testsuite> <!-- qatesting.october.test -->
